19/06/2024 10:35:50 a. m.: Juan Fernandez

19/06/2024 11:45:06 a. m. : Juan Fernandez

19/06/2024 12:03:27 p. m. : Juan Fernandez

19/06/2024 01:21:04 p. m. : Juan Fernandez

19/06/2024 01:23:10 p. m. : Juan Fernandez

19/06/2024 01:25:54 p. m. : Juan Fernandez

19/06/2024 11:45:06 a. m. : Juan Fernandez

19/06/2024 12:03:27 p. m. : Juan Fernandez

19/06/2024 01:21:04 p. m. : Juan Fernandez

19/06/2024 01:23:10 p. m. : Juan Fernandez

19/06/2024 01:25:54 p. m. : Juan Fernandez

19/06/2024 01:31:42 p. m. : Juan Fernandez

19/06/2024 01:44:33 p. m. : Juan Fernandez

19/06/2024 03:33:26 p. m. : Juan Fernandez

19/06/2024 03:34:25 p. m. : Juan Fernandez

19/06/2024 03:51:56 p. m. : Juan Fernandez

19/06/2024 08:08:05 p. m. : Juan Fernandez

19/06/2024 08:08:51 p. m. : Juan Fernandez

19/06/2024 08:30:24 p. m. : Juan Fernandez

19/06/2024 08:31:28 p. m. : Juan Fernandez

19/06/2024 08:31:36 p. m. : Juan Fernandez

19/06/2024 08:31:40 p. m. : Juan Fernandez

19/06/2024 08:33:11 p. m. : Juan Fernandez

19/06/2024 08:36:16 p. m. : Juan Fernandez

19/06/2024 08:38:02 p. m. : Juan Fernandez

19/06/2024 08:41:14 p. m. : Juan Fernandez

19/06/2024 08:41:29 p. m. : Juan Fernandez

19/06/2024 08:44:17 p. m. : Juan Fernandez

19/06/2024 08:44:23 p. m. : Juan Fernandez

19/06/2024 08:50:51 p. m. : Juan Fernandez

19/06/2024 08:50:56 p. m. : Juan Fernandez

19/06/2024 08:59:58 p. m. : Juan Fernandez

19/06/2024 09:00:05 p. m. : Juan Fernandez

19/06/2024 09:00:16 p. m. : Juan Fernandez

19/06/2024 09:03:30 p. m. : Juan Fernandez

19/06/2024 09:05:36 p. m. : Juan Fernandez

19/06/2024 09:06:18 p. m. : Juan Fernandez

19/06/2024 09:21:17 p. m. : Juan Fernandez

19/06/2024 09:23:02 p. m. : Juan Fernandez

19/06/2024 09:23:28 p. m. : Juan Fernandez

19/06/2024 09:23:34 p. m. : Juan Fernandez

19/06/2024 09:33:40 p. m. : Juan Fernandez

19/06/2024 09:43:22 p. m. : Juan Fernandez

20/06/2024 02:45:19 p. m. : Juan Fernandez

20/06/2024 03:35:43 p. m. : Juan Fernandez

20/06/2024 03:36:54 p. m. : Juan Fernandez

20/06/2024 03:37:49 p. m. : Juan Fernandez

20/06/2024 03:42:48 p. m. : Juan Fernandez

20/06/2024 03:48:01 p. m. : Juan Fernandez

20/06/2024 03:51:19 p. m. : Juan Fernandez

20/06/2024 03:52:22 p. m. : Juan Fernandez

20/06/2024 03:55:57 p. m. : Juan Fernandez

20/06/2024 04:18:26 p. m. : Juan Fernandez

20/06/2024 04:20:25 p. m. : Juan Fernandez

20/06/2024 04:44:24 p. m. : Juan Fernandez

20/06/2024 04:47:35 p. m. : Juan Fernandez

20/06/2024 04:57:57 p. m. : Juan Fernandez

20/06/2024 04:58:50 p. m. : Juan Fernandez

20/06/2024 05:05:26 p. m. : Juan Fernandez

20/06/2024 05:12:10 p. m. : Juan Fernandez

21/06/2024 06:50:41 p. m. : Juan Fernandez

21/06/2024 06:52:24 p. m. : Juan Fernandez

21/06/2024 07:14:11 p. m. : Juan Fernandez

21/06/2024 07:14:44 p. m. : Juan Fernandez

21/06/2024 07:15:19 p. m. : Juan Fernandez

21/06/2024 07:17:23 p. m. : Juan Fernandez

21/06/2024 07:18:52 p. m. : Juan Fernandez

21/06/2024 07:21:02 p. m. : Juan Fernandez

21/06/2024 07:24:40 p. m. : Manuel Fernandez

21/06/2024 07:27:40 p. m. : Juan Fernandez

21/06/2024 07:30:38 p. m. : Juan Fernandez

21/06/2024 07:33:49 p. m. : Juan Fernandez

21/06/2024 07:35:52 p. m. : Juan Fernandez

21/06/2024 07:36:59 p. m. : Juan Fernandez

21/06/2024 07:38:25 p. m. : Juan Fernandez

21/06/2024 07:39:27 p. m. : Juan Fernandez

21/06/2024 07:40:56 p. m. : Juan Fernandez

21/06/2024 07:41:38 p. m. : Juan Fernandez

21/06/2024 07:44:02 p. m. : Juan Fernandez

21/06/2024 07:45:58 p. m. : Juan Fernandez

21/06/2024 07:50:34 p. m. : Guido Class

21/06/2024 09:12:25 p. m. : Guido Class

21/06/2024 09:18:59 p. m. : Guido Class

21/06/2024 09:19:55 p. m. : Guido Class

21/06/2024 09:20:06 p. m. : Guido Class

21/06/2024 10:24:10 p. m. : Guido Class

21/06/2024 10:24:35 p. m. : Guido Class

21/06/2024 10:25:01 p. m. : Guido Class

21/06/2024 10:27:56 p. m. : Juan Fer

21/06/2024 10:34:49 p. m. : Juan Fer

21/06/2024 10:38:33 p. m. : Juan Fer

21/06/2024 10:47:36 p. m. : Juan Fer

21/06/2024 10:48:14 p. m. : Juan Fer

21/06/2024 10:48:23 p. m. : Juan Fer

21/06/2024 10:49:03 p. m. : Juan Fer

21/06/2024 11:03:25 p. m. : Juan Fer

21/06/2024 11:07:20 p. m. : Juan Fer

21/06/2024 11:13:01 p. m. : Juan Fer

21/06/2024 11:18:58 p. m. : Juan Fer

21/06/2024 11:20:02 p. m. : Juan Fer

23/06/2024 06:49:46 p. m. : Juan Fer

23/06/2024 06:50:02 p. m. : Juan Fer

23/06/2024 06:54:00 p. m. : Juan Fer

23/06/2024 07:10:42 p. m. : Juan Fer

23/06/2024 07:13:36 p. m. : Juan Fer

23/06/2024 07:15:31 p. m. : Juan Fer

23/06/2024 07:16:10 p. m. : Juan Fer

23/06/2024 07:19:41 p. m. : Juan Fer

23/06/2024 07:21:41 p. m. : Juan Fer

23/06/2024 07:22:45 p. m. : Juan Fer

23/06/2024 07:34:21 p. m. : Juan Fer

23/06/2024 07:39:02 p. m. : Juan Fer

23/06/2024 07:46:04 p. m. : Juan Fer

23/06/2024 08:42:29 p. m. : Juan Fer

23/06/2024 08:44:46 p. m. : Juan Fer

23/06/2024 08:46:17 p. m. : Juan Fer

23/06/2024 08:47:37 p. m. : Juan Fer

23/06/2024 08:49:10 p. m. : Juan Fer

23/06/2024 08:50:03 p. m. : Juan Fer

23/06/2024 08:52:46 p. m. : Juan Fer

23/06/2024 08:56:35 p. m. : Juan Fer

24/06/2024 08:35:02 p. m. : Juan Fer

24/06/2024 08:35:15 p. m. : Juan Fer

24/06/2024 10:05:12 p. m. : Juan Fer

24/06/2024 10:35:19 p. m. : Juan Fer

24/06/2024 10:37:18 p. m. : Juan Fer

24/06/2024 10:48:40 p. m. : Juan Fer

24/06/2024 10:49:22 p. m. : Juan Fer

24/06/2024 10:50:58 p. m. : Juan Fer

25/06/2024 01:32:18 p. m. : Juan Fer

25/06/2024 03:01:41 p. m. : Pablo Alberto

25/06/2024 03:24:37 p. m. : Jh Ñ

25/06/2024 03:27:02 p. m. : Pablo Alberto

25/06/2024 03:30:37 p. m. : Pablo Alberto

25/06/2024 04:51:00 p. m. : Pablo Alberto

25/06/2024 07:18:43 p. m. : Pablo Alberto

25/06/2024 08:51:25 p. m. : Pablo Alberto

25/06/2024 09:01:41 p. m. : Juan Fer

25/06/2024 09:03:44 p. m. : Juan Fer

25/06/2024 09:04:13 p. m. : Juan Fer

25/06/2024 09:07:08 p. m. : Juan Fer

25/06/2024 09:10:27 p. m. : Juan Fer

25/06/2024 09:11:57 p. m. : Juan Fer

25/06/2024 09:12:30 p. m. : D 1

26/06/2024 03:50:55 p. m. : Juan Fer

26/06/2024 04:13:41 p. m. : Juan Fer

26/06/2024 04:16:34 p. m. : Juan Fer

26/06/2024 05:13:46 p. m. : Juan Fer

26/06/2024 05:18:27 p. m. : Juan Fer

26/06/2024 05:20:40 p. m. : Juan Fer

26/06/2024 05:22:21 p. m. : Juan Fer

26/06/2024 05:27:22 p. m. : Juan Fer

26/06/2024 05:29:19 p. m. : Juan Fer

26/06/2024 05:29:48 p. m. : Juan Fer

26/06/2024 05:30:13 p. m. : Juan Fer

26/06/2024 05:34:32 p. m. : Juan Fer

26/06/2024 05:39:47 p. m. : Juan Fer

26/06/2024 05:45:33 p. m. : Juan Fer

26/06/2024 05:49:37 p. m. : Juan Fer

26/06/2024 06:54:22 p. m. : Juan Fer

26/06/2024 07:01:33 p. m. : Juan Fer

26/06/2024 07:05:13 p. m. : Juan Fer

26/06/2024 07:13:44 p. m. : Cliente Apellido

26/06/2024 07:15:39 p. m. : Cliente Apellido

26/06/2024 07:19:08 p. m. : Cliente Apellido

26/06/2024 07:30:37 p. m. : Cliente Apellido

26/06/2024 07:44:49 p. m. : Cliente Apellido

26/06/2024 08:49:26 p. m. : Cliente Apellido

26/06/2024 08:54:20 p. m. : Guido Clas

26/06/2024 08:55:23 p. m. : Guido Clas

26/06/2024 08:55:56 p. m. : Guido Clas

26/06/2024 08:56:43 p. m. : Guido Clas

26/06/2024 08:56:51 p. m. : Guido Clas

26/06/2024 08:57:11 p. m. : Guido Clas

26/06/2024 09:05:01 p. m. : 

26/06/2024 09:05:05 p. m. : 

26/06/2024 09:05:17 p. m. : Guido Clas

26/06/2024 09:05:25 p. m. : Felipe Bustos gil

26/06/2024 09:06:54 p. m. : Juan Fernandez

26/06/2024 09:08:26 p. m. : Juan Fernandez

27/06/2024 11:31:06 a. m. : Juan Fernandez

27/06/2024 11:31:48 a. m. : Felipe Bustos gil

27/06/2024 11:49:17 a. m. : Juan Fernandez

27/06/2024 11:50:03 a. m. : Juan Fernandez

27/06/2024 11:50:44 a. m. : Juan Fernandez

27/06/2024 11:54:14 a. m. : 

27/06/2024 11:54:20 a. m. : 

27/06/2024 11:54:26 a. m. : 

27/06/2024 11:54:28 a. m. : 

27/06/2024 12:22:48 p. m. : 

27/06/2024 12:24:34 p. m. : Cliente Fer  Cliente

27/06/2024 12:24:49 p. m. : Juan Fer Administrador

27/06/2024 12:25:00 p. m. : Felipe Bustos gil Administrador

27/06/2024 12:25:18 p. m. : Guido Clas Administrador

27/06/2024 12:26:56 p. m. : Felipe Bustos gil Administrador

27/06/2024 12:27:14 p. m. : Felipe Bustos gil Administrador

27/06/2024 12:29:20 p. m. : Juan Fer Empleado

27/06/2024 12:29:51 p. m. : Juan Fernandez Administrador

27/06/2024 12:33:38 p. m. : Juan Fernandez Administrador

27/06/2024 12:33:54 p. m. : Guido Clas Administrador

27/06/2024 12:37:44 p. m. : Juan Fer Empleado

27/06/2024 12:38:07 p. m. : Juan Fernandez Administrador

27/06/2024 12:38:14 p. m. : Juan Fer Empleado

27/06/2024 12:59:24 p. m. : Juan Fer Empleado

27/06/2024 01:00:05 p. m. : Juan Fer Empleado

27/06/2024 01:15:19 p. m. : Juan Fernandez Administrador

27/06/2024 01:16:49 p. m. : Juan Fernandez Administrador

27/06/2024 01:36:32 p. m. : Cliente Fer  Cliente

27/06/2024 01:38:02 p. m. : Cliente Fer  Cliente

27/06/2024 01:38:20 p. m. : Juan Fer Empleado

27/06/2024 01:38:50 p. m. : Juan Fernandez Administrador

27/06/2024 05:00:40 p. m. : Juan Fernandez Administrador

27/06/2024 05:01:21 p. m. : Cliente Fer  Cliente

27/06/2024 05:39:58 p. m. : Juan Fernandez Administrador

30/06/2024 10:09:29 p. m. : Juan Fernandez Administrador

30/06/2024 10:09:41 p. m. : Cliente Fer  Cliente

30/06/2024 10:10:36 p. m. : Juan Fernandez Administrador

30/06/2024 10:11:11 p. m. : Juan Fernandez Administrador

01/07/2024 02:09:48 p. m. : Juan Fernandez Administrador

01/07/2024 08:13:15 p. m. : Juan Fernandez Administrador

01/07/2024 08:18:19 p. m. : Juan Fernandez Administrador

01/07/2024 08:25:43 p. m. : Juan Fernandez Administrador

01/07/2024 08:26:33 p. m. : Juan Fernandez Administrador

01/07/2024 08:57:36 p. m. : Juan Fernandez Administrador

01/07/2024 09:02:15 p. m. : Juan Fernandez Administrador

01/07/2024 09:16:33 p. m. : Juan Fernandez Administrador

01/07/2024 10:34:07 p. m. : Juan Fernandez Administrador

01/07/2024 10:37:36 p. m. : Juan Fernandez Administrador

01/07/2024 10:46:55 p. m. : Juan Fernandez Administrador

01/07/2024 10:48:57 p. m. : Juan Fernandez Administrador

01/07/2024 10:52:47 p. m. : Juan Fernandez Administrador

01/07/2024 11:03:05 p. m. : Juan Fernandez Administrador

01/07/2024 11:08:11 p. m. : Juan Fernandez Administrador

01/07/2024 11:15:08 p. m. : Juan Fernandez Administrador

01/07/2024 11:19:27 p. m. : Juan Fernandez Administrador

01/07/2024 11:21:03 p. m. : Juan Fernandez Administrador

01/07/2024 11:24:39 p. m. : Juan Fernandez Administrador

01/07/2024 11:36:06 p. m. : Juan Fernandez Administrador

01/07/2024 11:38:57 p. m. : Juan Fernandez Administrador

01/07/2024 11:45:00 p. m. : Juan Fernandez Administrador

01/07/2024 11:51:02 p. m. : Juan Fernandez Administrador

01/07/2024 11:54:23 p. m. : Juan Fernandez Administrador

02/07/2024 12:15:03 a. m. : Juan Fernandez Administrador

02/07/2024 12:16:26 a. m. : Juan Fernandez Administrador

02/07/2024 12:19:04 a. m. : Juan Fernandez Administrador

02/07/2024 12:22:28 a. m. : Juan Fernandez Administrador

02/07/2024 09:44:18 a. m. : Juan Fernandez Administrador

02/07/2024 02:31:26 p. m. : Juan Fernandez Administrador

02/07/2024 02:33:02 p. m. : Juan Fernandez Administrador

02/07/2024 04:34:59 p. m. : Juan Fernandez Administrador

02/07/2024 07:17:01 p. m. : Juan Fernandez Administrador

02/07/2024 07:29:20 p. m. : Juan Fernandez Administrador

02/07/2024 07:33:26 p. m. : Juan Fernandez Administrador

02/07/2024 07:34:39 p. m. : Juan Fernandez Administrador

02/07/2024 07:40:35 p. m. : Juan Fernandez Administrador

02/07/2024 07:47:57 p. m. : Juan Fernandez Administrador

02/07/2024 07:53:02 p. m. : Juan Fernandez Administrador

02/07/2024 07:54:44 p. m. : Juan Fernandez Administrador

02/07/2024 07:59:46 p. m. : Juan Fernandez Administrador

02/07/2024 08:02:53 p. m. : Juan Fernandez Administrador

02/07/2024 08:04:42 p. m. : Juan Fernandez Administrador

02/07/2024 08:06:37 p. m. : Juan Fernandez Administrador

02/07/2024 08:13:45 p. m. : Juan Fernandez Administrador

02/07/2024 08:26:04 p. m. : Juan Fernandez Administrador

02/07/2024 08:30:06 p. m. : Juan Fernandez Administrador

02/07/2024 08:58:48 p. m. : Juan Fernandez Administrador

02/07/2024 08:59:34 p. m. : Juan Fernandez Administrador

02/07/2024 09:03:40 p. m. : Juan Fernandez Administrador

02/07/2024 09:07:25 p. m. : Juan Fernandez Administrador

02/07/2024 09:24:04 p. m. : Juan Fernandez Administrador

02/07/2024 09:57:28 p. m. : Juan Fernandez Administrador

02/07/2024 09:59:05 p. m. : Juan Fernandez Administrador

02/07/2024 10:03:36 p. m. : Juan Fernandez Administrador

02/07/2024 10:09:39 p. m. : Juan Fernandez Administrador

02/07/2024 10:24:40 p. m. : Juan Fernandez Administrador

02/07/2024 10:26:13 p. m. : Juan Fernandez Administrador

02/07/2024 10:32:37 p. m. : Juan Fernandez Administrador

02/07/2024 10:34:46 p. m. : Juan Fernandez Administrador

03/07/2024 02:29:15 p. m. : Juan Fernandez Administrador

03/07/2024 02:34:53 p. m. : Juan Fernandez Administrador

03/07/2024 02:40:10 p. m. : Juan Fernandez Administrador

03/07/2024 02:42:14 p. m. : Juan Fernandez Administrador

03/07/2024 02:43:21 p. m. : Juan Fernandez Administrador

03/07/2024 02:49:52 p. m. : Juan Fernandez Administrador

03/07/2024 02:53:02 p. m. : Juan Fernandez Administrador

03/07/2024 04:00:51 p. m. : Juan Fernandez Administrador

13/02/2025 09:32:02  : Juan Fernandez Administrador

13/02/2025 10:32:00  : Juan Fernandez Administrador

13/02/2025 10:35:38  : Juan Fernandez Administrador

13/02/2025 10:47:51  : Juan Fernandez Administrador

13/02/2025 10:52:10  : Juan Fernandez Administrador

13/02/2025 10:59:55  : Juan Fernandez Administrador

13/02/2025 11:06:49  : Juan Fernandez Administrador

13/02/2025 11:07:36  : Cliente Fer  Cliente

13/02/2025 11:07:58  : Cliente Fer  Cliente

13/02/2025 11:09:55  : Juan Fer Empleado

11/04/2025 08:57:10  : Juan Fernandez Administrador

23/04/2025 02:21:56  : Juan Fernandez Administrador

04/10/2025 09:41:42  : Juan Fernandez Administrador

